2014-11-11 22:43:09,157 INFO Log File for Server for bank JPWith Id ('ubuntu', 37049) Lifetime 100 Failure 0
2014-11-11 22:43:09,158 INFO Tail Server
2014-11-11 22:43:09,203 INFO Account was not there.. So initializing 
2014-11-11 22:43:09,205 INFO Current Request  JP.1.1
2014-11-11 22:43:09,205 INFO Depositing for accountno = 1 balance = 250
2014-11-11 22:43:09,205 INFO Sending Reply for update operation
2014-11-11 22:43:09,206 INFO Sending Acknowledgment from tail to predeccesor with object<datatypes.Request object at 0xb64167cc>
2014-11-11 22:43:09,244 INFO Current Request  JP.1.2
2014-11-11 22:43:09,245 INFO Depositing for accountno = 1 balance = 250
2014-11-11 22:43:09,245 INFO Sending Reply for update operation
2014-11-11 22:43:09,248 INFO Sending Acknowledgment from tail to predeccesor with object<datatypes.Request object at 0xb64165ec>
2014-11-11 22:43:09,277 INFO Current Request  JP.1.3
2014-11-11 22:43:09,278 INFO Depositing for accountno = 1 balance = 250
2014-11-11 22:43:09,279 INFO Sending Reply for update operation
2014-11-11 22:43:09,283 INFO Sending Acknowledgment from tail to predeccesor with object<datatypes.Request object at 0xb6416c4c>
2014-11-11 22:43:14,283 INFO  Got Give me Your State from = ('ubuntu', 35006)
2014-11-11 22:43:14,285 INFO  Forwarding the state to = ('ubuntu', 35006)
2014-11-11 22:43:19,300 INFO Current Request  JP.1.4
2014-11-11 22:43:19,305 INFO Depositing for accountno = 1 balance = 250
2014-11-11 22:43:24,240 INFO  ### This is the New Tail ### 
2014-11-11 22:43:24,241 INFO   ######## Stabilizing the tail by clearing its sent array  ##########
2014-11-11 22:43:24,241 INFO  Sending response For key JP.1.4
